Sample/Android Studio/DJI-SDK-Android-V2.4.1/Demo/SDK-DEMO/build/outputs/logs/manifest-merger-debug-report.txt
-- Merging decision tree log ---
manifest
ADDED from Demo\SDK-DEMO\AndroidManifest.xml:2:1-236:12
	xmlns:android
		ADDED from Demo\SDK-DEMO\AndroidManifest.xml:2:11-69
	package
		ADDED from Demo\SDK-DEMO\AndroidManifest.xml:3:5-30
	android:versionName
		ADDED from Demo\SDK-DEMO\AndroidManifest.xml:5:5-32
		INJECTED from Demo\SDK-DEMO\AndroidManifest.xml
		INJECTED from Demo\SDK-DEMO\AndroidManifest.xml
	android:versionCode
		ADDED from Demo\SDK-DEMO\AndroidManifest.xml:4:5-29
		INJECTED from Demo\SDK-DEMO\AndroidManifest.xml
		INJECTED from Demo\SDK-DEMO\AndroidManifest.xml
uses-sdk
ADDED from Demo\SDK-DEMO\AndroidManifest.xml:7:5-9:41
MERGED from [DJI-SDK-Android-V2.4.1.Lib:DJI-SDK-LIB:unspecified] AndroidManifest.xml:7:5-9:41
	android:targetSdkVersion
		ADDED from Demo\SDK-DEMO\AndroidManifest.xml:9:9-38
	android:minSdkVersion
		ADDED from Demo\SDK-DEMO\AndroidManifest.xml:8:9-35
uses-permission#android.permission.VIBRATE
ADDED from Demo\SDK-DEMO\AndroidManifest.xml:11:5-66
	android:name
		ADDED from Demo\SDK-DEMO\AndroidManifest.xml:11:22-63
uses-permission#android.permission.INTERNET
ADDED from Demo\SDK-DEMO\AndroidManifest.xml:12:5-67
	android:name
		ADDED from Demo\SDK-DEMO\AndroidManifest.xml:12:22-64
uses-permission#android.permission.ACCESS_WIFI_STATE
ADDED from Demo\SDK-DEMO\AndroidManifest.xml:13:5-76
	android:name
		ADDED from Demo\SDK-DEMO\AndroidManifest.xml:13:22-73
uses-permission#android.permission.WAKE_LOCK
ADDED from Demo\SDK-DEMO\AndroidManifest.xml:14:5-68
	android:name
		ADDED from Demo\SDK-DEMO\AndroidManifest.xml:14:22-65
uses-permission#android.permission.ACCESS_COARSE_LOCATION
ADDED from Demo\SDK-DEMO\AndroidManifest.xml:15:5-81
	android:name
		ADDED from Demo\SDK-DEMO\AndroidManifest.xml:15:22-78
uses-permission#android.permission.ACCESS_NETWORK_STATE
ADDED from Demo\SDK-DEMO\AndroidManifest.xml:16:5-79
	android:name
		ADDED from Demo\SDK-DEMO\AndroidManifest.xml:16:22-76
uses-permission#android.permission.ACCESS_FINE_LOCATION
ADDED from Demo\SDK-DEMO\AndroidManifest.xml:17:5-79
	android:name
		ADDED from Demo\SDK-DEMO\AndroidManifest.xml:17:22-76
uses-permission#android.permission.CHANGE_WIFI_STATE
ADDED from Demo\SDK-DEMO\AndroidManifest.xml:18:5-76
	android:name
		ADDED from Demo\SDK-DEMO\AndroidManifest.xml:18:22-73
uses-permission#android.permission.MOUNT_UNMOUNT_FILESYSTEMS
ADDED from Demo\SDK-DEMO\AndroidManifest.xml:19:5-84
	android:name
		ADDED from Demo\SDK-DEMO\AndroidManifest.xml:19:22-81
uses-permission#android.permission.WRITE_EXTERNAL_STORAGE
ADDED from Demo\SDK-DEMO\AndroidManifest.xml:20:5-81
	android:name
		ADDED from Demo\SDK-DEMO\AndroidManifest.xml:20:22-78
uses-permission#android.permission.READ_EXTERNAL_STORAGE
ADDED from Demo\SDK-DEMO\AndroidManifest.xml:21:5-80
	android:name
		ADDED from Demo\SDK-DEMO\AndroidManifest.xml:21:22-77
uses-permission#android.permission.SYSTEM_ALERT_WINDOW
ADDED from Demo\SDK-DEMO\AndroidManifest.xml:22:5-78
	android:name
		ADDED from Demo\SDK-DEMO\AndroidManifest.xml:22:22-75
uses-permission#android.permission.READ_PHONE_STATE
ADDED from Demo\SDK-DEMO\AndroidManifest.xml:24:5-75
	android:name
		ADDED from Demo\SDK-DEMO\AndroidManifest.xml:24:22-72
uses-feature#android.hardware.camera
ADDED from Demo\SDK-DEMO\AndroidManifest.xml:26:5-60
	android:name
		ADDED from Demo\SDK-DEMO\AndroidManifest.xml:26:19-57
uses-feature#android.hardware.camera.autofocus
ADDED from Demo\SDK-DEMO\AndroidManifest.xml:27:5-70
	android:name
		ADDED from Demo\SDK-DEMO\AndroidManifest.xml:27:19-67
uses-feature#android.hardware.usb.accessory
ADDED from Demo\SDK-DEMO\AndroidManifest.xml:28:5-92
	android:required
		ADDED from Demo\SDK-DEMO\AndroidManifest.xml:28:65-89
	android:name
		ADDED from Demo\SDK-DEMO\AndroidManifest.xml:28:19-64
uses-feature#android.hardware.usb.host
ADDED from Demo\SDK-DEMO\AndroidManifest.xml:29:5-87
	android:required
		ADDED from Demo\SDK-DEMO\AndroidManifest.xml:29:60-84
	android:name
		ADDED from Demo\SDK-DEMO\AndroidManifest.xml:29:19-59
uses-permission#com.google.android.providers.gsf.permission.READ_GSERVICES
ADDED from Demo\SDK-DEMO\AndroidManifest.xml:32:5-98
	android:name
		ADDED from Demo\SDK-DEMO\AndroidManifest.xml:32:22-95
supports-screens
ADDED from Demo\SDK-DEMO\AndroidManifest.xml:33:5-39:40
	android:resizeable
		ADDED from Demo\SDK-DEMO\AndroidManifest.xml:37:9-34
	android:largeScreens
		ADDED from Demo\SDK-DEMO\AndroidManifest.xml:35:9-36
	android:anyDensity
		ADDED from Demo\SDK-DEMO\AndroidManifest.xml:34:9-34
	android:normalScreens
		ADDED from Demo\SDK-DEMO\AndroidManifest.xml:36:9-37
	android:xlargeScreens
		ADDED from Demo\SDK-DEMO\AndroidManifest.xml:39:9-37
	android:smallScreens
		ADDED from Demo\SDK-DEMO\AndroidManifest.xml:38:9-36
application
ADDED from Demo\SDK-DEMO\AndroidManifest.xml:41:5-234:19
	android:label
		ADDED from Demo\SDK-DEMO\AndroidManifest.xml:45:9-41
	android:allowBackup
		ADDED from Demo\SDK-DEMO\AndroidManifest.xml:42:9-35
	android:icon
		ADDED from Demo\SDK-DEMO\AndroidManifest.xml:44:9-45
	android:theme
		ADDED from Demo\SDK-DEMO\AndroidManifest.xml:46:9-40
	android:hardwareAccelerated
		ADDED from Demo\SDK-DEMO\AndroidManifest.xml:43:9-43
uses-library#com.android.future.usb.accessory
ADDED from Demo\SDK-DEMO\AndroidManifest.xml:48:9-73
	android:name
		ADDED from Demo\SDK-DEMO\AndroidManifest.xml:48:23-70
meta-data#com.dji.sdk.API_KEY
ADDED from Demo\SDK-DEMO\AndroidManifest.xml:52:9-54:56
	android:name
		ADDED from Demo\SDK-DEMO\AndroidManifest.xml:53:13-47
	android:value
		ADDED from Demo\SDK-DEMO\AndroidManifest.xml:54:13-53
activity#com.dji.sdkdemo.DJIAoaActivity
ADDED from Demo\SDK-DEMO\AndroidManifest.xml:63:9-81:20
	android:screenOrientation
		ADDED from Demo\SDK-DEMO\AndroidManifest.xml:66:13-56
	android:configChanges
		ADDED from Demo\SDK-DEMO\AndroidManifest.xml:65:13-83
	android:name
		ADDED from Demo\SDK-DEMO\AndroidManifest.xml:64:13-58
intent-filter#android.intent.action.MAIN+android.intent.category.LAUNCHER
ADDED from Demo\SDK-DEMO\AndroidManifest.xml:69:13-72:29
action#android.intent.action.MAIN
ADDED from Demo\SDK-DEMO\AndroidManifest.xml:70:17-69
	android:name
		ADDED from Demo\SDK-DEMO\AndroidManifest.xml:70:25-66
category#android.intent.category.LAUNCHER
ADDED from Demo\SDK-DEMO\AndroidManifest.xml:71:17-77
	android:name
		ADDED from Demo\SDK-DEMO\AndroidManifest.xml:71:27-74
intent-filter#android.hardware.usb.action.USB_ACCESSORY_ATTACHED
ADDED from Demo\SDK-DEMO\AndroidManifest.xml:74:13-76:29
action#android.hardware.usb.action.USB_ACCESSORY_ATTACHED
ADDED from Demo\SDK-DEMO\AndroidManifest.xml:75:17-93
	android:name
		ADDED from Demo\SDK-DEMO\AndroidManifest.xml:75:25-90
meta-data#android.hardware.usb.action.USB_ACCESSORY_ATTACHED
ADDED from Demo\SDK-DEMO\AndroidManifest.xml:78:13-80:60
	android:resource
		ADDED from Demo\SDK-DEMO\AndroidManifest.xml:80:17-57
	android:name
		ADDED from Demo\SDK-DEMO\AndroidManifest.xml:79:17-82
activity#com.dji.sdkdemo.SelectDroneTypeActivity
ADDED from Demo\SDK-DEMO\AndroidManifest.xml:83:9-97:20
	android:screenOrientation
		ADDED from Demo\SDK-DEMO\AndroidManifest.xml:87:13-50
	android:label
		ADDED from Demo\SDK-DEMO\AndroidManifest.xml:86:13-45
	android:configChanges
		ADDED from Demo\SDK-DEMO\AndroidManifest.xml:85:13-59
	android:theme
		ADDED from Demo\SDK-DEMO\AndroidManifest.xml:88:13-51
	android:name
		ADDED from Demo\SDK-DEMO\AndroidManifest.xml:84:13-67
activity#com.dji.sdkdemo.MainActivity
ADDED from Demo\SDK-DEMO\AndroidManifest.xml:99:8-105:20
	android:screenOrientation
		ADDED from Demo\SDK-DEMO\AndroidManifest.xml:103:13-50
	android:label
		ADDED from Demo\SDK-DEMO\AndroidManifest.xml:102:13-64
	android:configChanges
		ADDED from Demo\SDK-DEMO\AndroidManifest.xml:101:13-59
	android:theme
		ADDED from Demo\SDK-DEMO\AndroidManifest.xml:104:13-51
	android:name
		ADDED from Demo\SDK-DEMO\AndroidManifest.xml:100:13-56
activity#com.dji.sdkdemo.PreviewDemoActivity
ADDED from Demo\SDK-DEMO\AndroidManifest.xml:107:9-113:20
	android:screenOrientation
		ADDED from Demo\SDK-DEMO\AndroidManifest.xml:111:13-50
	android:label
		ADDED from Demo\SDK-DEMO\AndroidManifest.xml:110:13-59
	android:configChanges
		ADDED from Demo\SDK-DEMO\AndroidManifest.xml:109:13-83
	android:theme
		ADDED from Demo\SDK-DEMO\AndroidManifest.xml:112:13-51
	android:name
		ADDED from Demo\SDK-DEMO\AndroidManifest.xml:108:13-63
activity#com.dji.sdkdemo.PreviewDemoHwDecodeActivity
ADDED from Demo\SDK-DEMO\AndroidManifest.xml:115:9-121:20
	android:screenOrientation
		ADDED from Demo\SDK-DEMO\AndroidManifest.xml:119:13-50
	android:label
		ADDED from Demo\SDK-DEMO\AndroidManifest.xml:118:13-59
	android:configChanges
		ADDED from Demo\SDK-DEMO\AndroidManifest.xml:117:13-83
	android:theme
		ADDED from Demo\SDK-DEMO\AndroidManifest.xml:120:13-51
	android:name
		ADDED from Demo\SDK-DEMO\AndroidManifest.xml:116:13-71
activity#com.dji.sdkdemo.CameraProtocolDemoActivity
ADDED from Demo\SDK-DEMO\AndroidManifest.xml:123:9-129:20
	android:screenOrientation
		ADDED from Demo\SDK-DEMO\AndroidManifest.xml:127:13-50
	android:label
		ADDED from Demo\SDK-DEMO\AndroidManifest.xml:126:13-72
	android:configChanges
		ADDED from Demo\SDK-DEMO\AndroidManifest.xml:125:13-83
	android:theme
		ADDED from Demo\SDK-DEMO\AndroidManifest.xml:128:13-51
	android:name
		ADDED from Demo\SDK-DEMO\AndroidManifest.xml:124:13-70
activity#com.dji.sdkdemo.GimbalDemoActivity
ADDED from Demo\SDK-DEMO\AndroidManifest.xml:130:9-136:20
	android:screenOrientation
		ADDED from Demo\SDK-DEMO\AndroidManifest.xml:134:13-50
	android:label
		ADDED from Demo\SDK-DEMO\AndroidManifest.xml:133:13-63
	android:configChanges
		ADDED from Demo\SDK-DEMO\AndroidManifest.xml:132:13-83
	android:theme
		ADDED from Demo\SDK-DEMO\AndroidManifest.xml:135:13-51
	android:name
		ADDED from Demo\SDK-DEMO\AndroidManifest.xml:131:13-62
activity#com.dji.sdkdemo.GsProtocolDemoActivity
ADDED from Demo\SDK-DEMO\AndroidManifest.xml:137:9-143:20
	android:screenOrientation
		ADDED from Demo\SDK-DEMO\AndroidManifest.xml:141:13-50
	android:label
		ADDED from Demo\SDK-DEMO\AndroidManifest.xml:140:13-68
	android:configChanges
		ADDED from Demo\SDK-DEMO\AndroidManifest.xml:139:13-74
	android:theme
		ADDED from Demo\SDK-DEMO\AndroidManifest.xml:142:13-51
	android:name
		ADDED from Demo\SDK-DEMO\AndroidManifest.xml:138:13-66
activity#com.dji.sdkdemo.GsProtocolJoystickDemoActivity
ADDED from Demo\SDK-DEMO\AndroidManifest.xml:144:9-150:20
	android:screenOrientation
		ADDED from Demo\SDK-DEMO\AndroidManifest.xml:148:13-50
	android:label
		ADDED from Demo\SDK-DEMO\AndroidManifest.xml:147:13-68
	android:configChanges
		ADDED from Demo\SDK-DEMO\AndroidManifest.xml:146:13-74
	android:theme
		ADDED from Demo\SDK-DEMO\AndroidManifest.xml:149:13-51
	android:name
		ADDED from Demo\SDK-DEMO\AndroidManifest.xml:145:13-74
activity#com.dji.sdkdemo.MainControllerDemoActivity
ADDED from Demo\SDK-DEMO\AndroidManifest.xml:152:9-158:20
	android:screenOrientation
		ADDED from Demo\SDK-DEMO\AndroidManifest.xml:156:13-50
	android:label
		ADDED from Demo\SDK-DEMO\AndroidManifest.xml:155:13-72
	android:configChanges
		ADDED from Demo\SDK-DEMO\AndroidManifest.xml:154:13-74
	android:theme
		ADDED from Demo\SDK-DEMO\AndroidManifest.xml:157:13-51
	android:name
		ADDED from Demo\SDK-DEMO\AndroidManifest.xml:153:13-70
activity#com.dji.sdkdemo.BatteryInfoDemoActivity
ADDED from Demo\SDK-DEMO\AndroidManifest.xml:159:9-165:20
	android:screenOrientation
		ADDED from Demo\SDK-DEMO\AndroidManifest.xml:163:13-50
	android:label
		ADDED from Demo\SDK-DEMO\AndroidManifest.xml:162:13-69
	android:configChanges
		ADDED from Demo\SDK-DEMO\AndroidManifest.xml:161:13-74
	android:theme
		ADDED from Demo\SDK-DEMO\AndroidManifest.xml:164:13-51
	android:name
		ADDED from Demo\SDK-DEMO\AndroidManifest.xml:160:13-67
activity#com.dji.sdkdemo.RangeExtenderDemoActivity
ADDED from Demo\SDK-DEMO\AndroidManifest.xml:166:9-172:20
	android:screenOrientation
		ADDED from Demo\SDK-DEMO\AndroidManifest.xml:170:13-50
	android:label
		ADDED from Demo\SDK-DEMO\AndroidManifest.xml:169:13-66
	android:configChanges
		ADDED from Demo\SDK-DEMO\AndroidManifest.xml:168:13-74
	android:theme
		ADDED from Demo\SDK-DEMO\AndroidManifest.xml:171:13-51
	android:name
		ADDED from Demo\SDK-DEMO\AndroidManifest.xml:167:13-69
activity#com.dji.sdkdemo.GsProtocolHotPointDemoActivity
ADDED from Demo\SDK-DEMO\AndroidManifest.xml:175:9-181:20
	android:screenOrientation
		ADDED from Demo\SDK-DEMO\AndroidManifest.xml:179:13-50
	android:label
		ADDED from Demo\SDK-DEMO\AndroidManifest.xml:178:13-78
	android:configChanges
		ADDED from Demo\SDK-DEMO\AndroidManifest.xml:177:13-83
	android:theme
		ADDED from Demo\SDK-DEMO\AndroidManifest.xml:180:13-51
	android:name
		ADDED from Demo\SDK-DEMO\AndroidManifest.xml:176:13-74
activity#com.dji.sdkdemo.RemoteControlDemoActivity
ADDED from Demo\SDK-DEMO\AndroidManifest.xml:183:9-189:20
	android:screenOrientation
		ADDED from Demo\SDK-DEMO\AndroidManifest.xml:187:13-50
	android:label
		ADDED from Demo\SDK-DEMO\AndroidManifest.xml:186:13-71
	android:configChanges
		ADDED from Demo\SDK-DEMO\AndroidManifest.xml:185:13-83
	android:theme
		ADDED from Demo\SDK-DEMO\AndroidManifest.xml:188:13-51
	android:name
		ADDED from Demo\SDK-DEMO\AndroidManifest.xml:184:13-69
activity#com.dji.sdkdemo.MediaSyncDemoActivity
ADDED from Demo\SDK-DEMO\AndroidManifest.xml:191:9-197:20
	android:screenOrientation
		ADDED from Demo\SDK-DEMO\AndroidManifest.xml:195:13-50
	android:label
		ADDED from Demo\SDK-DEMO\AndroidManifest.xml:193:13-67
	android:configChanges
		ADDED from Demo\SDK-DEMO\AndroidManifest.xml:194:13-74
	android:theme
		ADDED from Demo\SDK-DEMO\AndroidManifest.xml:196:13-51
	android:name
		ADDED from Demo\SDK-DEMO\AndroidManifest.xml:192:13-65
activity#com.dji.sdkdemo.ImageTransmitterDemoActivity
ADDED from Demo\SDK-DEMO\AndroidManifest.xml:199:9-205:20
	android:screenOrientation
		ADDED from Demo\SDK-DEMO\AndroidManifest.xml:203:13-50
	android:label
		ADDED from Demo\SDK-DEMO\AndroidManifest.xml:201:13-74
	android:configChanges
		ADDED from Demo\SDK-DEMO\AndroidManifest.xml:202:13-74
	android:theme
		ADDED from Demo\SDK-DEMO\AndroidManifest.xml:204:13-51
	android:name
		ADDED from Demo\SDK-DEMO\AndroidManifest.xml:200:13-72
activity#com.dji.sdkdemo.GsProtocolFollowMeDemoActivity
ADDED from Demo\SDK-DEMO\AndroidManifest.xml:207:8-213:20
	android:screenOrientation
		ADDED from Demo\SDK-DEMO\AndroidManifest.xml:211:13-50
	android:label
		ADDED from Demo\SDK-DEMO\AndroidManifest.xml:210:13-78
	android:configChanges
		ADDED from Demo\SDK-DEMO\AndroidManifest.xml:209:13-83
	android:theme
		ADDED from Demo\SDK-DEMO\AndroidManifest.xml:212:13-51
	android:name
		ADDED from Demo\SDK-DEMO\AndroidManifest.xml:208:13-74
activity#com.dji.sdkdemo.GsProtocolIocDemoActivity
ADDED from Demo\SDK-DEMO\AndroidManifest.xml:215:8-221:20
	android:screenOrientation
		ADDED from Demo\SDK-DEMO\AndroidManifest.xml:219:13-50
	android:label
		ADDED from Demo\SDK-DEMO\AndroidManifest.xml:218:13-68
	android:configChanges
		ADDED from Demo\SDK-DEMO\AndroidManifest.xml:217:13-74
	android:theme
		ADDED from Demo\SDK-DEMO\AndroidManifest.xml:220:13-51
	android:name
		ADDED from Demo\SDK-DEMO\AndroidManifest.xml:216:13-69
activity#com.dji.sdkdemo.GetVideoFrameDataOnlyDemoActivity
ADDED from Demo\SDK-DEMO\AndroidManifest.xml:223:9-229:20
	android:screenOrientation
		ADDED from Demo\SDK-DEMO\AndroidManifest.xml:227:13-50
	android:label
		ADDED from Demo\SDK-DEMO\AndroidManifest.xml:226:13-59
	android:configChanges
		ADDED from Demo\SDK-DEMO\AndroidManifest.xml:225:13-83
	android:theme
		ADDED from Demo\SDK-DEMO\AndroidManifest.xml:228:13-51
	android:name
		ADDED from Demo\SDK-DEMO\AndroidManifest.xml:224:13-77
service#org.connectbot.service.TerminalManager
ADDED from Demo\SDK-DEMO\AndroidManifest.xml:230:9-232:66
	android:configChanges
		ADDED from Demo\SDK-DEMO\AndroidManifest.xml:232:13-63
	android:name
		ADDED from Demo\SDK-DEMO\AndroidManifest.xml:231:13-66